C51 COMPILER V9.59.0.0   DATA                                                              03/03/2021 16:23:05 PAGE 1   


C51 COMPILER V9.59.0.0, COMPILATION OF MODULE DATA
OBJECT MODULE PLACED IN .\OBJ\data.obj
COMPILER INVOKED BY: D:\sofeware\Keil\Keil5_MDK\C51\BIN\C51.EXE LIB\Data\data.c OPTIMIZE(9,SPEED) BROWSE INCDIR(.\USER;.
                    -\LIB\Data;.\LIB\eeprom;.\LIB\FunctionOS;.\LIB\OSAL;.\LIB\Scan;.\LIB\SEG;.\LIB\Tick;.\LIB\H;.\LIB\M_IO;.\LIB\M_Math;.\LIB
                    -\DATAST;.\LIB\IIC;.\USER\Mode;.\USER\Scankey;.\USER\Main;.\LIB\SYS) DEBUG OBJECTEXTEND PRINT(.\Listings\data.lst) TABS(2
                    -) OBJECT(.\OBJ\data.obj)

line level    source

   1          #include "data.h"
   2          
   3          
   4          uint  xdata time_x[TIME_NUM+1];   
   5          uchar xdata flag_x[TIME_NUM+1];
   6          
   7          uchar   xdata LED_ONF=1;
   8          uint    xdata SEG_N=0;
   9          uchar   xdata Mode=0;
  10          uchar   xdata Set_W=0;
  11          uchar   xdata stat_mode=0;
  12          bit     DATA_SAVE_FLAG=0;
  13          
  14          
  15          
  16          uchar xdata epr;
  17          /**/
  18          void DATA_INIT(){
  19   1        Mode    = IapReadByte(EPR_ADDR_0+1);
  20   1        LED_ONF = IapReadByte(EPR_ADDR_0+2);
  21   1        
  22   1        for(epr=0;epr<TIME_NUM;epr++){
  23   2          time_x[epr+1]=(IapReadByte(EPR_ADDR_2+epr*2)<<8)+IapReadByte(EPR_ADDR_2+1+epr*2);
  24   2        }
  25   1        for(epr=0;epr<TIME_NUM;epr++){
  26   2          flag_x[epr+1]=IapReadByte(EPR_ADDR_2+TIME_NUM*2+epr);
  27   2        }
  28   1        
  29   1        if(Mode==0x00 || Mode==0xff){
  30   2          Mode=1;LED_ONF=1;
  31   2          for(epr=0;epr<TIME_NUM;epr++){
  32   3            time_x[epr+1]=1;
  33   3          }
  34   2          for(epr=0;epr<TIME_NUM;epr++){
  35   3            flag_x[epr+1]=1;
  36   3          }
  37   2          time_x[1]=P2M0;
  38   2        }
  39   1      }
  40          /**/
  41          void DATA_SAVE(){
  42   1        if(DATA_SAVE_FLAG){DATA_SAVE_FLAG=0;
  43   2          IapEraseSector(EPR_ADDR_0);
  44   2          IapProgramByte(EPR_ADDR_0+1,Mode);
  45   2          IapProgramByte(EPR_ADDR_0+2,LED_ONF);
  46   2          
  47   2          IapEraseSector(EPR_ADDR_2);
  48   2          for(epr=0;epr<TIME_NUM;epr++){
  49   3            IapProgramByte(EPR_ADDR_2+epr*2,time_x[epr+1]>>8);
  50   3            IapProgramByte(EPR_ADDR_2+1+epr*2,time_x[epr+1]);
  51   3          }
  52   2          for(epr=0;epr<TIME_NUM;epr++){
C51 COMPILER V9.59.0.0   DATA                                                              03/03/2021 16:23:05 PAGE 2   

  53   3            IapProgramByte(EPR_ADDR_2+TIME_NUM*2+epr,flag_x[epr+1]);
  54   3          }
  55   2        }
  56   1      }


MODULE INFORMATION:   STATIC OVERLAYABLE
   CODE SIZE        =    406    ----
   CONSTANT SIZE    =   ----    ----
   XDATA SIZE       =     16    ----
   PDATA SIZE       =   ----    ----
   DATA SIZE        =   ----    ----
   IDATA SIZE       =   ----    ----
   BIT SIZE         =      1    ----
END OF MODULE INFORMATION.


C51 COMPILATION COMPLETE.  0 WARNING(S),  0 ERROR(S)
