C51 COMPILER V9.59.0.0   EEPROM                                                            03/03/2021 16:20:06 PAGE 1   


C51 COMPILER V9.59.0.0, COMPILATION OF MODULE EEPROM
OBJECT MODULE PLACED IN .\OBJ\eeprom.obj
COMPILER INVOKED BY: D:\sofeware\Keil\Keil5_MDK\C51\BIN\C51.EXE LIB\eeprom\eeprom.c OPTIMIZE(9,SPEED) BROWSE INCDIR(.\US
                    -ER;.\LIB\Data;.\LIB\eeprom;.\LIB\FunctionOS;.\LIB\OSAL;.\LIB\Scan;.\LIB\SEG;.\LIB\Tick;.\LIB\H;.\LIB\M_IO;.\LIB\M_Math;.
                    -\LIB\DATAST;.\LIB\IIC;.\USER\Mode;.\USER\Scankey;.\USER\Main;.\LIB\SYS) DEBUG OBJECTEXTEND PRINT(.\Listings\eeprom.lst) 
                    -TABS(2) OBJECT(.\OBJ\eeprom.obj)

line level    source

   1          #include "eeprom.h"
   2          
   3          /********************************************************************
   4                                      操作函数
   5          *********************************************************************/
   6          void IapIdle()
   7          {
   8   1        IAP_CONTR=0;
   9   1        IAP_CMD=0;
  10   1        IAP_TRIG=0;
  11   1        IAP_ADDRH=0X80;
  12   1        IAP_ADDRL=0;
  13   1      }
  14          /********************************************************************
  15                                      读取一个字节函数
  16          *********************************************************************/
  17          uchar IapReadByte(uint addr)
  18          {
  19   1        uchar dat;  
  20   1        IAP_CONTR=ENABLE_IAP;
  21   1        IAP_TPS = 12; 
  22   1        IAP_CMD=CMD_READ;
  23   1        IAP_ADDRL=addr;
  24   1        IAP_ADDRH=addr>>8;
  25   1        IAP_TRIG=0X5A;
  26   1        IAP_TRIG=0XA5;
  27   1        _nop_();
  28   1        _nop_();
  29   1        _nop_();
  30   1        dat=IAP_DATA;
  31   1        IapIdle();
  32   1        return dat;
  33   1      }
  34          
  35          /********************************************************************
  36                                      写入一个字节函数
  37          *********************************************************************/
  38          void IapProgramByte(uint addr,uchar dat)
  39          {
  40   1      
  41   1        IAP_CONTR=ENABLE_IAP;
  42   1        IAP_CMD=CMD_PROGRAM;
  43   1        IAP_ADDRL=addr;
  44   1        IAP_ADDRH=addr>>8;
  45   1        IAP_DATA=dat;
  46   1        IAP_TRIG=0X5A;
  47   1        IAP_TRIG=0XA5;
  48   1        _nop_();
  49   1        _nop_();
  50   1        _nop_();
  51   1        IapIdle();
  52   1      }
C51 COMPILER V9.59.0.0   EEPROM                                                            03/03/2021 16:20:06 PAGE 2   

  53          /********************************************************************
  54                                      擦除一个字节函数
  55          *********************************************************************/
  56          void IapEraseSector(uint addr)
  57          {
  58   1        IAP_CONTR=ENABLE_IAP;
  59   1        IAP_CMD=CMD_ERASE;
  60   1        IAP_ADDRL=addr;
  61   1        IAP_ADDRH=addr>>8;
  62   1        IAP_TRIG=0X5A;
  63   1        IAP_TRIG=0XA5;
  64   1        _nop_();
  65   1        _nop_();
  66   1        _nop_();
  67   1        IapIdle();
  68   1      }


MODULE INFORMATION:   STATIC OVERLAYABLE
   CODE SIZE        =     80    ----
   CONSTANT SIZE    =   ----    ----
   XDATA SIZE       =   ----    ----
   PDATA SIZE       =   ----    ----
   DATA SIZE        =   ----    ----
   IDATA SIZE       =   ----    ----
   BIT SIZE         =   ----    ----
END OF MODULE INFORMATION.


C51 COMPILATION COMPLETE.  0 WARNING(S),  0 ERROR(S)
